  daily17.c
C:\Users\Kerry\source\repos\Daily17\Daily17\daily17.c(18): warning C4013: 'exit' undefined; assuming extern returning int
C:\Users\Kerry\source\repos\Daily17\Daily17\daily17.c(11): warning C4996: 'fopen': This function or variable may be unsafe. Consider using fopen_s instead. To disable deprecation, use _CRT_SECURE_NO_WARNINGS. See online help for details.
  C:\Program Files (x86)\Windows Kits\10\Include\10.0.17763.0\ucrt\stdio.h(208): note: see declaration of 'fopen'
C:\Users\Kerry\source\repos\Daily17\Daily17\daily17.c(12): warning C4996: 'fopen': This function or variable may be unsafe. Consider using fopen_s instead. To disable deprecation, use _CRT_SECURE_NO_WARNINGS. See online help for details.
  C:\Program Files (x86)\Windows Kits\10\Include\10.0.17763.0\ucrt\stdio.h(208): note: see declaration of 'fopen'
C:\Users\Kerry\source\repos\Daily17\Daily17\daily17.c(13): warning C4996: 'fopen': This function or variable may be unsafe. Consider using fopen_s instead. To disable deprecation, use _CRT_SECURE_NO_WARNINGS. See online help for details.
  C:\Program Files (x86)\Windows Kits\10\Include\10.0.17763.0\ucrt\stdio.h(208): note: see declaration of 'fopen'
C:\Users\Kerry\source\repos\Daily17\Daily17\daily17.c(45): warning C4996: 'fscanf': This function or variable may be unsafe. Consider using fscanf_s instead. To disable deprecation, use _CRT_SECURE_NO_WARNINGS. See online help for details.
  C:\Program Files (x86)\Windows Kits\10\Include\10.0.17763.0\ucrt\stdio.h(1197): note: see declaration of 'fscanf'
C:\Users\Kerry\source\repos\Daily17\Daily17\daily17.c(46): warning C4996: 'fscanf': This function or variable may be unsafe. Consider using fscanf_s instead. To disable deprecation, use _CRT_SECURE_NO_WARNINGS. See online help for details.
  C:\Program Files (x86)\Windows Kits\10\Include\10.0.17763.0\ucrt\stdio.h(1197): note: see declaration of 'fscanf'
C:\Users\Kerry\source\repos\Daily17\Daily17\daily17.c(52): warning C4996: 'fscanf': This function or variable may be unsafe. Consider using fscanf_s instead. To disable deprecation, use _CRT_SECURE_NO_WARNINGS. See online help for details.
  C:\Program Files (x86)\Windows Kits\10\Include\10.0.17763.0\ucrt\stdio.h(1197): note: see declaration of 'fscanf'
C:\Users\Kerry\source\repos\Daily17\Daily17\daily17.c(56): warning C4996: 'fscanf': This function or variable may be unsafe. Consider using fscanf_s instead. To disable deprecation, use _CRT_SECURE_NO_WARNINGS. See online help for details.
  C:\Program Files (x86)\Windows Kits\10\Include\10.0.17763.0\ucrt\stdio.h(1197): note: see declaration of 'fscanf'
C:\Users\Kerry\source\repos\Daily17\Daily17\daily17.c(65): warning C4996: 'fscanf': This function or variable may be unsafe. Consider using fscanf_s instead. To disable deprecation, use _CRT_SECURE_NO_WARNINGS. See online help for details.
  C:\Program Files (x86)\Windows Kits\10\Include\10.0.17763.0\ucrt\stdio.h(1197): note: see declaration of 'fscanf'
C:\Users\Kerry\source\repos\Daily17\Daily17\daily17.c(70): warning C4996: 'fscanf': This function or variable may be unsafe. Consider using fscanf_s instead. To disable deprecation, use _CRT_SECURE_NO_WARNINGS. See online help for details.
  C:\Program Files (x86)\Windows Kits\10\Include\10.0.17763.0\ucrt\stdio.h(1197): note: see declaration of 'fscanf'
  Daily17.vcxproj -> C:\Users\Kerry\source\repos\Daily17\Debug\Daily17.exe
